<?xml version="1.0" encoding="UTF-8"?>
<!-- Generated by org.testng.reporters.JUnitReportReporter -->
<testsuite hostname="Bharathi-PC" name="redbus.Script1Google" tests="1" failures="0" timestamp="27 Aug 2019 08:28:06 GMT" time="10.845" errors="0">
  <testcase name="test" time="10.845" classname="redbus.Script1Google"/>
</testsuite> <!-- redbus.Script1Google -->
